Entering case at time=0 value1=xxxx
default: 2
Leaving case at time=2
Entering case at time=2 value1=xxxx
default: 4
Leaving case at time=4
Entering case at time=4 value1=0000
case0000: at time=7
check == 0000:at time=8 value2=0
Leaving case at time=10
Entering case at time=10 value1=00z1
case00z1: at time=13
check == 0001:at time=14 value2=1
Leaving case at time=16
Entering case at time=16 value1=0100
case100: at time=19
check == 0010:at time=20 value2=2
Leaving case at time=22
Entering case at time=22 value1=0100
case100: at time=25
Leaving case at time=28
Entering case at time=28 value1=0100
PASSED
