16-bit Dividend, 8-bit divisor
Circuit: 17767 / 198 = 89, rem = 145 		......... Reality: 89, rem = 145
Circuit: 39017 / 115 = 339, rem = 32 		......... Reality: 339, rem = 32
Circuit: 56401 / 255 = 221, rem = 46 		......... Reality: 221, rem = 46
Circuit: 37962 / 236 = 160, rem = 202 		......... Reality: 160, rem = 202
Circuit: 7977 / 205 = 38, rem = 187 		......... Reality: 38, rem = 187
Circuit: 22714 / 171 = 132, rem = 142 		......... Reality: 132, rem = 142
Circuit: 16882 / 251 = 67, rem = 65 		......... Reality: 67, rem = 65
Circuit: 43491 / 70 = 621, rem = 21 		......... Reality: 621, rem = 21
Circuit: 124 / 194 = 0, rem = 124 		......... Reality: 0, rem = 124
Circuit: 2132 / 248 = 8, rem = 148 		......... Reality: 8, rem = 148
Circuit: 8987 / 232 = 38, rem = 171 		......... Reality: 38, rem = 171
Circuit: 52711 / 141 = 373, rem = 118 		......... Reality: 373, rem = 118
Circuit: 3958 / 90 = 43, rem = 88 		......... Reality: 43, rem = 88
Circuit: 63790 / 99 = 644, rem = 34 		......... Reality: 644, rem = 34
Circuit: 49715 / 159 = 312, rem = 107 		......... Reality: 312, rem = 107
Circuit: 50377 / 154 = 327, rem = 19 		......... Reality: 327, rem = 19
Circuit: 64358 / 50 = 1287, rem = 8 		......... Reality: 1287, rem = 8
Circuit: 20493 / 183 = 111, rem = 180 		......... Reality: 111, rem = 180
Circuit: 47665 / 88 = 541, rem = 57 		......... Reality: 541, rem = 57
Circuit: 12451 / 90 = 138, rem = 31 		......... Reality: 138, rem = 31
Circuit: 24869 / 93 = 267, rem = 38 		......... Reality: 267, rem = 38
Circuit: 45317 / 23 = 1970, rem = 7 		......... Reality: 1970, rem = 7
Circuit: 43096 / 233 = 184, rem = 224 		......... Reality: 184, rem = 224
Circuit: 33886 / 212 = 159, rem = 178 		......... Reality: 159, rem = 178
Circuit: 48555 / 178 = 272, rem = 139 		......... Reality: 272, rem = 139

16-bit Dividend, 12-bit divisor
Circuit: 53453 / 198 = 269, rem = 191 		......... Reality: 269, rem = 191
Circuit: 30363 / 3764 = 8, rem = 251 		......... Reality: 8, rem = 251
Circuit: 9300 / 1553 = 5, rem = 1535 		......... Reality: 5, rem = 1535
Circuit: 50190 / 3458 = 14, rem = 1778 		......... Reality: 14, rem = 1778
Circuit: 63604 / 1601 = 39, rem = 1165 		......... Reality: 39, rem = 1165
Circuit: 62753 / 3389 = 18, rem = 1751 		......... Reality: 18, rem = 1751
Circuit: 36316 / 135 = 269, rem = 1 		......... Reality: 269, rem = 1
Circuit: 6768 / 3561 = 1, rem = 3207 		......... Reality: 1, rem = 3207
Circuit: 51262 / 1185 = 43, rem = 307 		......... Reality: 43, rem = 307
Circuit: 49729 / 2273 = 21, rem = 1996 		......... Reality: 21, rem = 1996
Circuit: 44540 / 871 = 51, rem = 119 		......... Reality: 51, rem = 119
Circuit: 33342 / 3841 = 8, rem = 2614 		......... Reality: 8, rem = 2614
Circuit: 50814 / 2711 = 18, rem = 2016 		......... Reality: 18, rem = 2016
Circuit: 47594 / 2780 = 17, rem = 334 		......... Reality: 17, rem = 334
Circuit: 54123 / 1942 = 27, rem = 1689 		......... Reality: 27, rem = 1689
Circuit: 55183 / 1080 = 51, rem = 103 		......... Reality: 51, rem = 103
Circuit: 22620 / 3626 = 6, rem = 864 		......... Reality: 6, rem = 864
Circuit: 17132 / 3248 = 5, rem = 892 		......... Reality: 5, rem = 892
Circuit: 54331 / 1787 = 30, rem = 721 		......... Reality: 30, rem = 721
Circuit: 39474 / 3247 = 12, rem = 510 		......... Reality: 12, rem = 510
Circuit: 36156 / 3924 = 9, rem = 840 		......... Reality: 9, rem = 840
Circuit: 35308 / 2840 = 12, rem = 1228 		......... Reality: 12, rem = 1228
Circuit: 32731 / 1116 = 29, rem = 367 		......... Reality: 29, rem = 367
Circuit: 63746 / 2074 = 30, rem = 1526 		......... Reality: 30, rem = 1526
Circuit: 30974 / 2883 = 10, rem = 2144 		......... Reality: 10, rem = 2144

16-bit Dividend, 16-bit divisor
Circuit: 16635 / 9978 = 1, rem = 6657 		......... Reality: 1, rem = 6657
Circuit: 57002 / 49978 = 1, rem = 7024 		......... Reality: 1, rem = 7024
Circuit: 34299 / 42281 = 0, rem = 34299 		......... Reality: 0, rem = 34299
Circuit: 60881 / 16358 = 3, rem = 11807 		......... Reality: 3, rem = 11807
Circuit: 61445 / 49468 = 1, rem = 11977 		......... Reality: 1, rem = 11977
Circuit: 46972 / 51092 = 0, rem = 46972 		......... Reality: 0, rem = 46972
Circuit: 25973 / 4056 = 6, rem = 1637 		......... Reality: 6, rem = 1637
Circuit: 5566 / 43105 = 0, rem = 5566 		......... Reality: 0, rem = 5566
Circuit: 35977 / 59897 = 0, rem = 35977 		......... Reality: 0, rem = 35977
Circuit: 44892 / 9915 = 4, rem = 5232 		......... Reality: 4, rem = 5232
Circuit: 46760 / 15513 = 3, rem = 221 		......... Reality: 3, rem = 221
Circuit: 46607 / 16533 = 2, rem = 13541 		......... Reality: 2, rem = 13541
Circuit: 22449 / 13803 = 1, rem = 8646 		......... Reality: 1, rem = 8646
Circuit: 58609 / 20659 = 2, rem = 17291 		......... Reality: 2, rem = 17291
Circuit: 32261 / 24047 = 1, rem = 8214 		......... Reality: 1, rem = 8214
Circuit: 3063 / 48896 = 0, rem = 3063 		......... Reality: 0, rem = 3063
Circuit: 34025 / 60065 = 0, rem = 34025 		......... Reality: 0, rem = 34025
Circuit: 33338 / 2789 = 11, rem = 2659 		......... Reality: 11, rem = 2659
Circuit: 36810 / 28683 = 1, rem = 8127 		......... Reality: 1, rem = 8127
Circuit: 19147 / 32720 = 0, rem = 19147 		......... Reality: 0, rem = 19147
Circuit: 12616 / 583 = 21, rem = 373 		......... Reality: 21, rem = 373
Circuit: 18276 / 38589 = 0, rem = 18276 		......... Reality: 0, rem = 18276
Circuit: 4639 / 23843 = 0, rem = 4639 		......... Reality: 0, rem = 4639
Circuit: 16158 / 40616 = 0, rem = 16158 		......... Reality: 0, rem = 16158
Circuit: 18204 / 61051 = 0, rem = 18204 		......... Reality: 0, rem = 18204

Special Cases:
Circuit: 65535 / 65535 = 1, rem = 0 		......... Reality: 1, rem = 0
Circuit: 312 / 1 = 312, rem = 0 		......... Reality: 312, rem = 0
Circuit: 0 / 42 = 0, rem = 0 		......... Reality: 0, rem = 0
Circuit: 312 / 0 = 65535, rem = 312 		......... Reality: x, rem = x


PASSED. -  There were 0 Errors.
