Clearing SRAM.
SYNTHETIC PIC 2.0.  This is TEST #9
portb changes to: 00
portc changes to: 00
portb changes to: 07
portb changes to: 09
portb changes to: 0c
portb changes to: 0e
portb changes to: 11
portb changes to: 13
portb changes to: 16
portb changes to: 18
portb changes to: 1b
portb changes to: 1d
portb changes to: 20
portb changes to: 22
portb changes to: 25
portb changes to: 27
portb changes to: 2a
portb changes to: 2c
portb changes to: 2f
portb changes to: 31
portb changes to: 34
portb changes to: 36
portc changes to: 01
portb changes to: 3d
portb changes to: 3e
portb changes to: 3f
portb changes to: 41
portb changes to: 42
portb changes to: 43
portb changes to: 44
portb changes to: 46
portb changes to: 47
portb changes to: 48
portb changes to: 49
portb changes to: 4b
portb changes to: 4c
portb changes to: 4d
portb changes to: 4e
portb changes to: 50
portb changes to: 51
portb changes to: 52
portb changes to: 53
portb changes to: 55
portc changes to: 02
portb changes to: 58
portb changes to: 59
portb changes to: 5a
portb changes to: 5b
portb changes to: 5c
portb changes to: 5d
portb changes to: 5e
portb changes to: 5f
portb changes to: 60
portb changes to: 61
portb changes to: 62
portb changes to: 63
portb changes to: 64
portc changes to: 03
portb changes to: 66
portb changes to: 67
portb changes to: 68
portb changes to: 69
portb changes to: 6a
portb changes to: 6b
portb changes to: 6c
portc changes to: 04
portb changes to: 6d
portb changes to: 6e
portb changes to: 6f
portc changes to: 05
portb changes to: 70
portb changes to: 71
portb changes to: 72
portc changes to: 06
portc changes to: 07
portb changes to: 73
portc changes to: 00
portb changes to: 74
portb changes to: 76
portb changes to: 79
portb changes to: 7b
portb changes to: 7e
portb changes to: 80
portb changes to: 83
portb changes to: 85
portb changes to: 88
portb changes to: 8a
portb changes to: 8d
portb changes to: 8f
portb changes to: 92
portb changes to: 94
portb changes to: 97
portb changes to: 99
portb changes to: 9c
portb changes to: 9e
portb changes to: a1
portb changes to: a3
portc changes to: 01
portb changes to: aa
portb changes to: ab
portb changes to: ac
portb changes to: ae
portb changes to: af
portb changes to: b0
portb changes to: b1
portb changes to: b3
portb changes to: b4
portb changes to: b5
portb changes to: b6
portb changes to: b8
portb changes to: b9
portb changes to: ba
portb changes to: bb
portb changes to: bd
portb changes to: be
portb changes to: bf
portb changes to: c0
portb changes to: c2
portc changes to: 02
portb changes to: c5
portb changes to: c6
portb changes to: c7
portb changes to: c8
portb changes to: c9
portb changes to: ca
portb changes to: cb
portb changes to: cc
portb changes to: cd
portb changes to: ce
portb changes to: cf
portb changes to: d0
portb changes to: d1
portc changes to: 03
portb changes to: d3
portb changes to: d4
portb changes to: d5
portb changes to: d6
portb changes to: d7
portb changes to: d8
portb changes to: d9
portc changes to: 04
portb changes to: da
portb changes to: db
portb changes to: dc
portb changes to: dd
portc changes to: 05
portb changes to: de
portc changes to: 06
portb changes to: df
portc changes to: 07
portc changes to: 00
portb changes to: e0
portb changes to: e2
portb changes to: e5
portb changes to: e7
portb changes to: ea
portb changes to: ec
portb changes to: ef
portb changes to: f1
portb changes to: f4
portb changes to: f6
portb changes to: f9
portb changes to: fb
portb changes to: fe
portb changes to: 00
portb changes to: 03
portb changes to: 05
portb changes to: 08
portb changes to: 0a
portb changes to: 0d
portb changes to: 0f
portc changes to: 01
portb changes to: 16
portb changes to: 17
portb changes to: 18
portb changes to: 1a
portb changes to: 1b
portb changes to: 1c
portb changes to: 1d
portb changes to: 1f
portb changes to: 20
portb changes to: 21
portb changes to: 22
portb changes to: 24
portb changes to: 25
portb changes to: 26
portb changes to: 27
portb changes to: 29
portb changes to: 2a
portb changes to: 2b
portb changes to: 2c
portb changes to: 2e
portc changes to: 02
portb changes to: 31
portb changes to: 32
portb changes to: 33
portb changes to: 34
Maximum cycles (2000) Exceeded.  Halting simulation.
PASSED
FAILED
FAILED
