Testing drivers with value 00
Testing drivers with value 01
Testing drivers with value 02
Testing drivers with value 03
Testing drivers with value 04
Testing drivers with value 05
Testing drivers with value 06
Testing drivers with value 07
Testing drivers with value 08
Testing drivers with value 09
Testing drivers with value 0a
Testing drivers with value 0b
Testing drivers with value 0c
Testing drivers with value 0d
Testing drivers with value 0e
Testing drivers with value 0f
Testing drivers with value 10
Testing drivers with value 11
Testing drivers with value 12
Testing drivers with value 13
Testing drivers with value 14
Testing drivers with value 15
Testing drivers with value 16
Testing drivers with value 17
Testing drivers with value 18
Testing drivers with value 19
Testing drivers with value 1a
Testing drivers with value 1b
Testing drivers with value 1c
Testing drivers with value 1d
Testing drivers with value 1e
Testing drivers with value 1f
Testing drivers with value 20
Testing drivers with value 21
Testing drivers with value 22
Testing drivers with value 23
Testing drivers with value 24
Testing drivers with value 25
Testing drivers with value 26
Testing drivers with value 27
Testing drivers with value 28
Testing drivers with value 29
Testing drivers with value 2a
Testing drivers with value 2b
Testing drivers with value 2c
Testing drivers with value 2d
Testing drivers with value 2e
Testing drivers with value 2f
Testing drivers with value 30
Testing drivers with value 31
Testing drivers with value 32
Testing drivers with value 33
Testing drivers with value 34
Testing drivers with value 35
Testing drivers with value 36
Testing drivers with value 37
Testing drivers with value 38
Testing drivers with value 39
Testing drivers with value 3a
Testing drivers with value 3b
Testing drivers with value 3c
Testing drivers with value 3d
Testing drivers with value 3e
Testing drivers with value 3f
Testing drivers with value 40
Testing drivers with value 41
Testing drivers with value 42
Testing drivers with value 43
Testing drivers with value 44
Testing drivers with value 45
Testing drivers with value 46
Testing drivers with value 47
Testing drivers with value 48
Testing drivers with value 49
Testing drivers with value 4a
Testing drivers with value 4b
Testing drivers with value 4c
Testing drivers with value 4d
Testing drivers with value 4e
Testing drivers with value 4f
Testing drivers with value 50
Testing drivers with value 51
Testing drivers with value 52
Testing drivers with value 53
Testing drivers with value 54
Testing drivers with value 55
Testing drivers with value 56
Testing drivers with value 57
Testing drivers with value 58
Testing drivers with value 59
Testing drivers with value 5a
Testing drivers with value 5b
Testing drivers with value 5c
Testing drivers with value 5d
Testing drivers with value 5e
Testing drivers with value 5f
Testing drivers with value 60
Testing drivers with value 61
Testing drivers with value 62
Testing drivers with value 63
Testing drivers with value 64
Testing drivers with value 65
Testing drivers with value 66
Testing drivers with value 67
Testing drivers with value 68
Testing drivers with value 69
Testing drivers with value 6a
Testing drivers with value 6b
Testing drivers with value 6c
Testing drivers with value 6d
Testing drivers with value 6e
Testing drivers with value 6f
Testing drivers with value 70
Testing drivers with value 71
Testing drivers with value 72
Testing drivers with value 73
Testing drivers with value 74
Testing drivers with value 75
Testing drivers with value 76
Testing drivers with value 77
Testing drivers with value 78
Testing drivers with value 79
Testing drivers with value 7a
Testing drivers with value 7b
Testing drivers with value 7c
Testing drivers with value 7d
Testing drivers with value 7e
Testing drivers with value 7f
Testing drivers with value 80
Testing drivers with value 81
Testing drivers with value 82
Testing drivers with value 83
Testing drivers with value 84
Testing drivers with value 85
Testing drivers with value 86
Testing drivers with value 87
Testing drivers with value 88
Testing drivers with value 89
Testing drivers with value 8a
Testing drivers with value 8b
Testing drivers with value 8c
Testing drivers with value 8d
Testing drivers with value 8e
Testing drivers with value 8f
Testing drivers with value 90
Testing drivers with value 91
Testing drivers with value 92
Testing drivers with value 93
Testing drivers with value 94
Testing drivers with value 95
Testing drivers with value 96
Testing drivers with value 97
Testing drivers with value 98
Testing drivers with value 99
Testing drivers with value 9a
Testing drivers with value 9b
Testing drivers with value 9c
Testing drivers with value 9d
Testing drivers with value 9e
Testing drivers with value 9f
Testing drivers with value a0
Testing drivers with value a1
Testing drivers with value a2
Testing drivers with value a3
Testing drivers with value a4
Testing drivers with value a5
Testing drivers with value a6
Testing drivers with value a7
Testing drivers with value a8
Testing drivers with value a9
Testing drivers with value aa
Testing drivers with value ab
Testing drivers with value ac
Testing drivers with value ad
Testing drivers with value ae
Testing drivers with value af
Testing drivers with value b0
Testing drivers with value b1
Testing drivers with value b2
Testing drivers with value b3
Testing drivers with value b4
Testing drivers with value b5
Testing drivers with value b6
Testing drivers with value b7
Testing drivers with value b8
Testing drivers with value b9
Testing drivers with value ba
Testing drivers with value bb
Testing drivers with value bc
Testing drivers with value bd
Testing drivers with value be
Testing drivers with value bf
Testing drivers with value c0
Testing drivers with value c1
Testing drivers with value c2
Testing drivers with value c3
Testing drivers with value c4
Testing drivers with value c5
Testing drivers with value c6
Testing drivers with value c7
Testing drivers with value c8
Testing drivers with value c9
Testing drivers with value ca
Testing drivers with value cb
Testing drivers with value cc
Testing drivers with value cd
Testing drivers with value ce
Testing drivers with value cf
Testing drivers with value d0
Testing drivers with value d1
Testing drivers with value d2
Testing drivers with value d3
Testing drivers with value d4
Testing drivers with value d5
Testing drivers with value d6
Testing drivers with value d7
Testing drivers with value d8
Testing drivers with value d9
Testing drivers with value da
Testing drivers with value db
Testing drivers with value dc
Testing drivers with value dd
Testing drivers with value de
Testing drivers with value df
Testing drivers with value e0
Testing drivers with value e1
Testing drivers with value e2
Testing drivers with value e3
Testing drivers with value e4
Testing drivers with value e5
Testing drivers with value e6
Testing drivers with value e7
Testing drivers with value e8
Testing drivers with value e9
Testing drivers with value ea
Testing drivers with value eb
Testing drivers with value ec
Testing drivers with value ed
Testing drivers with value ee
Testing drivers with value ef
Testing drivers with value f0
Testing drivers with value f1
Testing drivers with value f2
Testing drivers with value f3
Testing drivers with value f4
Testing drivers with value f5
Testing drivers with value f6
Testing drivers with value f7
Testing drivers with value f8
Testing drivers with value f9
Testing drivers with value fa
Testing drivers with value fb
Testing drivers with value fc
Testing drivers with value fd
Testing drivers with value fe
Testing drivers with value ff
PASSED
