./ivltests/wildsense.v:31: parse error
./ivltests/wildsense.v:33: error: malformed statement
./ivltests/wildsense.v:34: parse error
./ivltests/wildsense.v:34: error: invalid module item. Did you forget an initial or always?
./ivltests/wildsense.v:34: error: invalid module item. Did you forget an initial or always?
./ivltests/wildsense.v:34: error: invalid module item. Did you forget an initial or always?
./ivltests/wildsense.v:34: error: invalid module item. Did you forget an initial or always?
./ivltests/wildsense.v:34: error: invalid module item. Did you forget an initial or always?
./ivltests/wildsense.v:34: error: invalid module item. Did you forget an initial or always?
./ivltests/wildsense.v:34: error: invalid module item. Did you forget an initial or always?
./ivltests/wildsense.v:35: error: invalid module item. Did you forget an initial or always?
./ivltests/wildsense.v:35: error: invalid module item. Did you forget an initial or always?
./ivltests/wildsense.v:35: error: invalid module item. Did you forget an initial or always?
./ivltests/wildsense.v:35: error: invalid module item. Did you forget an initial or always?
./ivltests/wildsense.v:35: error: invalid module item. Did you forget an initial or always?
./ivltests/wildsense.v:35: error: invalid module item. Did you forget an initial or always?
./ivltests/wildsense.v:36: error: invalid module item. Did you forget an initial or always?
./ivltests/wildsense.v:36: error: invalid module item. Did you forget an initial or always?
./ivltests/wildsense.v:36: error: invalid module item. Did you forget an initial or always?
./ivltests/wildsense.v:36: error: invalid module item. Did you forget an initial or always?
./ivltests/wildsense.v:36: error: invalid module item. Did you forget an initial or always?
./ivltests/wildsense.v:36: error: invalid module item. Did you forget an initial or always?
./ivltests/wildsense.v:37: error: invalid module item. Did you forget an initial or always?
errors translating Verilog program.
COMPERR
